\BOOKMARK [1][-]{section.1}{Introduction}{}% 1
\BOOKMARK [1][-]{section.2}{Image Processing}{}% 2
\BOOKMARK [2][-]{subsection.2.1}{Point Operators}{section.2}% 3
\BOOKMARK [2][-]{subsection.2.2}{Histograms}{section.2}% 4
\BOOKMARK [3][-]{paragraph.2.2.0.2}{Cumulative Distribution}{subsection.2.2}% 5
\BOOKMARK [2][-]{subsection.2.3}{Filters}{section.2}% 6
\BOOKMARK [3][-]{subsubsection.2.3.1}{Linear Systems}{subsection.2.3}% 7
\BOOKMARK [3][-]{subsubsection.2.3.2}{Matrix Transformations}{subsection.2.3}% 8
\BOOKMARK [4][-]{paragraph.2.3.2.2}{Road-Map}{subsubsection.2.3.2}% 9
\BOOKMARK [4][-]{paragraph.2.3.2.3}{Scalars}{subsubsection.2.3.2}% 10
\BOOKMARK [4][-]{paragraph.2.3.2.4}{Transpose}{subsubsection.2.3.2}% 11
\BOOKMARK [4][-]{paragraph.2.3.2.5}{Matrix Multiplication}{subsubsection.2.3.2}% 12
\BOOKMARK [4][-]{paragraph.2.3.2.6}{Inverse}{subsubsection.2.3.2}% 13
\BOOKMARK [4][-]{paragraph.2.3.2.7}{Magnitude \046 Direction}{subsubsection.2.3.2}% 14
\BOOKMARK [3][-]{subsubsection.2.3.3}{Geometric Transformations}{subsection.2.3}% 15
\BOOKMARK [4][-]{paragraph.2.3.3.2}{Reflection}{subsubsection.2.3.3}% 16
\BOOKMARK [4][-]{paragraph.2.3.3.3}{Rotations}{subsubsection.2.3.3}% 17
\BOOKMARK [4][-]{paragraph.2.3.3.4}{Shears}{subsubsection.2.3.3}% 18
\BOOKMARK [4][-]{paragraph.2.3.3.5}{Scale}{subsubsection.2.3.3}% 19
\BOOKMARK [4][-]{paragraph.2.3.3.6}{Translations}{subsubsection.2.3.3}% 20
\BOOKMARK [4][-]{paragraph.2.3.3.7}{Affine Transforms}{subsubsection.2.3.3}% 21
\BOOKMARK [3][-]{subsubsection.2.3.4}{Vector Spaces}{subsection.2.3}% 22
\BOOKMARK [2][-]{subsection.2.4}{Gradients}{section.2}% 23
\BOOKMARK [3][-]{subsubsection.2.4.1}{Partial Derivatives}{subsection.2.4}% 24
\BOOKMARK [3][-]{subsubsection.2.4.2}{Calculation}{subsection.2.4}% 25
\BOOKMARK [2][-]{subsection.2.5}{Image Pyramids}{section.2}% 26
\BOOKMARK [3][-]{paragraph.2.5.0.5}{Sampling}{subsection.2.5}% 27
\BOOKMARK [1][-]{section.3}{HOG Feature Descriptors}{}% 28
\BOOKMARK [2][-]{subsection.3.1}{Preprocessing}{section.3}% 29
\BOOKMARK [2][-]{subsection.3.2}{Gradient Images}{section.3}% 30
\BOOKMARK [2][-]{subsection.3.3}{Gradient Histograms}{section.3}% 31
\BOOKMARK [2][-]{subsection.3.4}{Block Normalization}{section.3}% 32
\BOOKMARK [2][-]{subsection.3.5}{Finalize - Support Vector Machines}{section.3}% 33
\BOOKMARK [1][-]{section.4}{Further Research}{}% 34
\BOOKMARK [1][-]{section*.37}{Bibliography}{}% 35
